[2026-02-19 05:38:32] user_id=null ip=::1 method=GET path=/mvc/login
[2026-02-19 05:38:34] user_id=null ip=::1 method=GET path=/mvc/register
[2026-02-19 05:38:39] user_id=null ip=::1 method=POST path=/mvc/register
[2026-02-19 05:38:39] user_id=null ip=::1 method=GET path=/mvc/login
[2026-02-19 05:38:43] user_id=null ip=::1 method=POST path=/mvc/login
[2026-02-19 05:38:43] user_id=3 ip=::1 method=GET path=/mvc/todos
[2026-02-19 05:38:47] user_id=null ip=::1 method=GET path=/mvc/todos/create
[2026-02-19 05:38:47] user_id=null ip=::1 method=GET path=/mvc/login
[2026-02-19 05:39:04] user_id=null ip=::1 method=GET path=/mvc/logout
[2026-02-19 05:39:04] user_id=null ip=::1 method=GET path=/mvc/login
[2026-02-19 05:39:10] user_id=null ip=::1 method=GET path=/mvc/todos
[2026-02-19 05:39:10] user_id=null ip=::1 method=GET path=/mvc/login
[2026-02-19 05:39:15] user_id=null ip=::1 method=POST path=/mvc/login
[2026-02-19 05:39:16] user_id=2 ip=::1 method=GET path=/mvc/todos
[2026-02-19 05:39:18] user_id=null ip=::1 method=GET path=/mvc/todos/create
[2026-02-19 05:39:18] user_id=null ip=::1 method=GET path=/mvc/login
[2026-02-19 05:50:02] user_id=null ip=::1 method=GET path=/mvc/register
[2026-02-19 05:50:10] user_id=null ip=::1 method=POST path=/mvc/register
[2026-02-19 05:50:10] user_id=null ip=::1 method=GET path=/mvc/register
[2026-02-19 05:50:14] user_id=null ip=::1 method=POST path=/mvc/register
[2026-02-19 05:50:15] user_id=null ip=::1 method=GET path=/mvc/login
[2026-02-19 05:50:19] user_id=null ip=::1 method=POST path=/mvc/login
[2026-02-19 05:50:20] user_id=4 ip=::1 method=GET path=/mvc/todos
[2026-02-19 05:50:21] user_id=4 ip=::1 method=GET path=/mvc/todos/create
[2026-02-19 05:50:23] user_id=4 ip=::1 method=POST path=/mvc/todos
[2026-02-19 05:50:23] user_id=4 ip=::1 method=GET path=/mvc/todos
[2026-02-19 05:50:24] user_id=4 ip=::1 method=GET path=/mvc/todos/create
[2026-02-19 05:50:26] user_id=4 ip=::1 method=POST path=/mvc/todos
[2026-02-19 05:50:26] user_id=4 ip=::1 method=GET path=/mvc/todos
[2026-02-19 05:50:27] user_id=4 ip=::1 method=GET path=/mvc/todos/edit
[2026-02-19 05:50:29] user_id=4 ip=::1 method=GET path=/mvc/todos
[2026-02-19 05:50:33] user_id=4 ip=::1 method=POST path=/mvc/todos/delete
[2026-02-19 05:50:33] user_id=4 ip=::1 method=GET path=/mvc/todos
[2026-02-19 05:53:32] user_id=4 ip=::1 method=GET path=/mvc/todos/create
[2026-02-19 05:53:34] user_id=4 ip=::1 method=POST path=/mvc/todos
[2026-02-19 05:53:34] user_id=4 ip=::1 method=GET path=/mvc/todos
[2026-02-19 05:53:35] user_id=4 ip=::1 method=POST path=/mvc/todos/delete
[2026-02-19 05:53:35] user_id=4 ip=::1 method=GET path=/mvc/todos
[2026-02-19 05:56:48] user_id=4 ip=::1 method=GET path=/mvc/todos
[2026-02-19 05:56:51] user_id=4 ip=::1 method=POST path=/mvc/todos/delete
[2026-02-19 05:56:51] user_id=4 ip=::1 method=GET path=/mvc/todos
[2026-02-19 05:57:37] user_id=4 ip=::1 method=GET path=/mvc/todos/create
[2026-02-19 05:57:39] user_id=4 ip=::1 method=POST path=/mvc/todos
[2026-02-19 05:57:39] user_id=4 ip=::1 method=GET path=/mvc/todos
[2026-02-19 05:57:46] user_id=4 ip=::1 method=GET path=/mvc/todos
[2026-02-19 05:58:40] user_id=4 ip=::1 method=POST path=/mvc/todos/delete
[2026-02-19 05:58:40] user_id=4 ip=::1 method=GET path=/mvc/todos
[2026-02-19 05:58:41] user_id=4 ip=::1 method=GET path=/mvc/todos/create
[2026-02-19 05:58:43] user_id=4 ip=::1 method=POST path=/mvc/todos
[2026-02-19 05:58:43] user_id=4 ip=::1 method=GET path=/mvc/todos
[2026-02-19 05:58:44] user_id=4 ip=::1 method=GET path=/mvc/todos/edit
[2026-02-19 05:58:46] user_id=4 ip=::1 method=POST path=/mvc/todos/update
[2026-02-19 05:58:46] user_id=4 ip=::1 method=GET path=/mvc/todos
[2026-02-19 06:04:26] user_id=4 ip=::1 method=GET path=/mvc/todos
[2026-02-19 06:04:35] user_id=4 ip=::1 method=GET path=/mvc/logout
[2026-02-19 06:04:35] user_id=null ip=::1 method=GET path=/mvc/login
[2026-02-19 06:04:39] user_id=null ip=::1 method=POST path=/mvc/login
[2026-02-19 06:04:40] user_id=3 ip=::1 method=GET path=/mvc/todos
[2026-02-19 06:09:04] user_id=3 ip=::1 method=GET path=/mvc/todos
[2026-02-19 06:09:05] user_id=3 ip=::1 method=GET path=/mvc/todos/create
[2026-02-19 06:09:05] user_id=3 ip=::1 method=GET path=/mvc/todos
[2026-02-19 06:09:06] user_id=3 ip=::1 method=GET path=/mvc/todos/create
[2026-02-19 06:09:06] user_id=3 ip=::1 method=GET path=/mvc/todos
[2026-02-19 06:09:06] user_id=3 ip=::1 method=GET path=/mvc/todos
[2026-02-19 06:09:08] user_id=3 ip=::1 method=GET path=/mvc/todos/create
[2026-02-19 06:09:10] user_id=3 ip=::1 method=POST path=/mvc/todos
[2026-02-19 06:09:10] user_id=3 ip=::1 method=GET path=/mvc/todos
[2026-02-19 06:09:15] user_id=3 ip=::1 method=GET path=/mvc/todos/create
[2026-02-19 06:09:18] user_id=3 ip=::1 method=POST path=/mvc/todos
[2026-02-19 06:09:18] user_id=3 ip=::1 method=GET path=/mvc/todos
[2026-02-19 06:09:19] user_id=3 ip=::1 method=GET path=/mvc/todos/create
[2026-02-19 06:09:21] user_id=3 ip=::1 method=POST path=/mvc/todos
[2026-02-19 06:09:21] user_id=3 ip=::1 method=GET path=/mvc/todos
[2026-02-19 06:09:22] user_id=3 ip=::1 method=GET path=/mvc/todos/create
[2026-02-19 06:09:24] user_id=3 ip=::1 method=POST path=/mvc/todos
[2026-02-19 06:09:24] user_id=3 ip=::1 method=GET path=/mvc/todos
[2026-02-19 06:09:59] user_id=3 ip=::1 method=POST path=/mvc/todos/delete
[2026-02-19 06:09:59] user_id=3 ip=::1 method=GET path=/mvc/todos
[2026-02-19 06:16:52] user_id=3 ip=::1 method=GET path=/mvc/todos
[2026-02-19 06:17:44] user_id=3 ip=::1 method=GET path=/mvc/todos
[2026-02-19 06:17:45] user_id=3 ip=::1 method=GET path=/mvc/todos/create
[2026-02-19 06:17:52] user_id=3 ip=::1 method=POST path=/mvc/todos
[2026-02-19 06:17:52] user_id=3 ip=::1 method=GET path=/mvc/todos
[2026-02-19 06:18:16] user_id=3 ip=::1 method=GET path=/mvc/todos/edit
[2026-02-19 06:18:18] user_id=3 ip=::1 method=POST path=/mvc/todos/update
[2026-02-19 06:18:18] user_id=3 ip=::1 method=GET path=/mvc/todos
[2026-02-19 06:18:24] user_id=3 ip=::1 method=GET path=/mvc/todos/create
[2026-02-19 06:18:37] user_id=3 ip=::1 method=POST path=/mvc/todos
[2026-02-19 06:18:37] user_id=3 ip=::1 method=GET path=/mvc/todos
[2026-02-19 06:49:03] user_id=null ip=::1 method=GET path=/mvc/todos
[2026-02-19 06:49:03] user_id=null ip=::1 method=GET path=/mvc/login
[2026-02-19 06:49:07] user_id=null ip=::1 method=POST path=/mvc/login
[2026-02-19 06:49:08] user_id=2 ip=::1 method=GET path=/mvc/todos
[2026-02-19 06:50:36] user_id=2 ip=::1 method=GET path=/mvc/todos
